<?xml version="1.0" encoding="UTF-8"?>
<!-- Generated by org.testng.reporters.JUnitReportReporter -->
<testsuite skipped="0" hostname="IXBD4Y1B3" name="TestRunner.Runner" tests="9" failures="0" timestamp="2022-06-09T17:32:51 IST" time="159.327" errors="0">
  <testcase name="runScenario" time="19.591" classname="TestRunner.Runner"/>
  <system-out/>
  <testcase name="runScenario" time="26.007" classname="TestRunner.Runner"/>
  <system-out/>
  <testcase name="runScenario" time="18.931" classname="TestRunner.Runner"/>
  <system-out/>
  <testcase name="runScenario" time="9.243" classname="TestRunner.Runner"/>
  <system-out/>
  <testcase name="runScenario" time="25.828" classname="TestRunner.Runner"/>
  <system-out/>
  <testcase name="runScenario" time="21.032" classname="TestRunner.Runner"/>
  <system-out/>
  <testcase name="runScenario" time="13.109" classname="TestRunner.Runner"/>
  <system-out/>
  <testcase name="runScenario" time="11.012" classname="TestRunner.Runner"/>
  <system-out/>
  <testcase name="runScenario" time="14.574" classname="TestRunner.Runner"/>
  <system-out/>
</testsuite> <!-- TestRunner.Runner -->
